f:\codes\opencv\finalproject\finalproject\debug\finalproject.pch
f:\codes\opencv\finalproject\finalproject\debug\vc120.pdb
f:\codes\opencv\finalproject\finalproject\debug\vc120.idb
f:\codes\opencv\finalproject\finalproject\debug\stdafx.obj
f:\codes\opencv\finalproject\finalproject\debug\cvvimage.obj
f:\codes\opencv\finalproject\finalproject\debug\finalproject.obj
f:\codes\opencv\finalproject\finalproject\debug\finalprojectdlg.obj
f:\codes\opencv\finalproject\finalproject\debug\finalproject.res
f:\codes\opencv\finalproject\debug\finalproject.pdb
f:\codes\opencv\finalproject\finalproject\debug\finalproject.tlog\cl.command.1.tlog
f:\codes\opencv\finalproject\finalproject\debug\finalproject.tlog\cl.read.1.tlog
f:\codes\opencv\finalproject\finalproject\debug\finalproject.tlog\cl.write.1.tlog
f:\codes\opencv\finalproject\finalproject\debug\finalproject.tlog\link-cvtres.read.1.tlog
f:\codes\opencv\finalproject\finalproject\debug\finalproject.tlog\link-cvtres.write.1.tlog
f:\codes\opencv\finalproject\finalproject\debug\finalproject.tlog\link-mt.read.1.tlog
f:\codes\opencv\finalproject\finalproject\debug\finalproject.tlog\link-mt.write.1.tlog
f:\codes\opencv\finalproject\finalproject\debug\finalproject.tlog\link-rc.read.1.tlog
f:\codes\opencv\finalproject\finalproject\debug\finalproject.tlog\link-rc.write.1.tlog
f:\codes\opencv\finalproject\finalproject\debug\finalproject.tlog\link.command.1.tlog
f:\codes\opencv\finalproject\finalproject\debug\finalproject.tlog\link.read.1.tlog
f:\codes\opencv\finalproject\finalproject\debug\finalproject.tlog\link.write.1.tlog
f:\codes\opencv\finalproject\finalproject\debug\finalproject.tlog\rc.command.1.tlog
f:\codes\opencv\finalproject\finalproject\debug\finalproject.tlog\rc.read.1.tlog
f:\codes\opencv\finalproject\finalproject\debug\finalproject.tlog\rc.write.1.tlog
